<?xml version="1.0" encoding="UTF-8"?>
<testsuite xmlns:xsi="http://www.w3.org/2001/XMLSchema-instance" xsi:noNamespaceSchemaLocation="https://maven.apache.org/surefire/maven-surefire-plugin/xsd/surefire-test-report-3.0.xsd" version="3.0" name="TestSuite" time="122.848" tests="4" errors="0" skipped="0" failures="2">
  <properties>
    <property name="sun.desktop" value="windows"/>
    <property name="awt.toolkit" value="sun.awt.windows.WToolkit"/>
    <property name="java.specification.version" value="11"/>
    <property name="webdriver.chrome.driver" value="C:\Users\nasreenk\.m2\repository\webdriver\chromedriver\win32\83.0.4103.39\chromedriver.exe"/>
    <property name="sun.cpu.isalist" value="amd64"/>
    <property name="sun.jnu.encoding" value="Cp1252"/>
    <property name="java.class.path" value="E:\InelliJ\SeleniumTestJavaArtifact-billed to\SeleniumTestJavaArtifact\SeleniumTestJavaArtifact\target\test-classes;E:\InelliJ\SeleniumTestJavaArtifact-billed to\SeleniumTestJavaArtifact\SeleniumTestJavaArtifact\target\classes;C:\Users\nasreenk\.m2\repository\io\github\bonigarcia\webdrivermanager\4.0.0\webdrivermanager-4.0.0.jar;C:\Users\nasreenk\.m2\repository\commons-io\commons-io\2.6\commons-io-2.6.jar;C:\Users\nasreenk\.m2\repository\com\google\code\gson\gson\2.8.6\gson-2.8.6.jar;C:\Users\nasreenk\.m2\repository\org\apache\commons\commons-lang3\3.10\commons-lang3-3.10.jar;C:\Users\nasreenk\.m2\repository\org\apache\httpcomponents\client5\httpclient5\5.0\httpclient5-5.0.jar;C:\Users\nasreenk\.m2\repository\org\apache\httpcomponents\core5\httpcore5\5.0\httpcore5-5.0.jar;C:\Users\nasreenk\.m2\repository\org\apache\httpcomponents\core5\httpcore5-h2\5.0\httpcore5-h2-5.0.jar;C:\Users\nasreenk\.m2\repository\commons-codec\commons-codec\1.13\commons-codec-1.13.jar;C:\Users\nasreenk\.m2\repository\org\rauschig\jarchivelib\1.0.0\jarchivelib-1.0.0.jar;C:\Users\nasreenk\.m2\repository\org\apache\commons\commons-compress\1.18\commons-compress-1.18.jar;C:\Users\nasreenk\.m2\repository\org\seleniumhq\selenium\selenium-java\3.141.59\selenium-java-3.141.59.jar;C:\Users\nasreenk\.m2\repository\org\seleniumhq\selenium\selenium-api\3.141.59\selenium-api-3.141.59.jar;C:\Users\nasreenk\.m2\repository\org\seleniumhq\selenium\selenium-chrome-driver\3.141.59\selenium-chrome-driver-3.141.59.jar;C:\Users\nasreenk\.m2\repository\org\seleniumhq\selenium\selenium-edge-driver\3.141.59\selenium-edge-driver-3.141.59.jar;C:\Users\nasreenk\.m2\repository\org\seleniumhq\selenium\selenium-firefox-driver\3.141.59\selenium-firefox-driver-3.141.59.jar;C:\Users\nasreenk\.m2\repository\org\seleniumhq\selenium\selenium-ie-driver\3.141.59\selenium-ie-driver-3.141.59.jar;C:\Users\nasreenk\.m2\repository\org\seleniumhq\selenium\selenium-opera-driver\3.141.59\selenium-opera-driver-3.141.59.jar;C:\Users\nasreenk\.m2\repository\org\seleniumhq\selenium\selenium-remote-driver\3.141.59\selenium-remote-driver-3.141.59.jar;C:\Users\nasreenk\.m2\repository\org\seleniumhq\selenium\selenium-safari-driver\3.141.59\selenium-safari-driver-3.141.59.jar;C:\Users\nasreenk\.m2\repository\org\seleniumhq\selenium\selenium-support\3.141.59\selenium-support-3.141.59.jar;C:\Users\nasreenk\.m2\repository\net\bytebuddy\byte-buddy\1.8.15\byte-buddy-1.8.15.jar;C:\Users\nasreenk\.m2\repository\org\apache\commons\commons-exec\1.3\commons-exec-1.3.jar;C:\Users\nasreenk\.m2\repository\com\google\guava\guava\25.0-jre\guava-25.0-jre.jar;C:\Users\nasreenk\.m2\repository\org\checkerframework\checker-compat-qual\2.0.0\checker-compat-qual-2.0.0.jar;C:\Users\nasreenk\.m2\repository\com\google\errorprone\error_prone_annotations\2.1.3\error_prone_annotations-2.1.3.jar;C:\Users\nasreenk\.m2\repository\com\google\j2objc\j2objc-annotations\1.1\j2objc-annotations-1.1.jar;C:\Users\nasreenk\.m2\repository\org\codehaus\mojo\animal-sniffer-annotations\1.14\animal-sniffer-annotations-1.14.jar;C:\Users\nasreenk\.m2\repository\com\squareup\okhttp3\okhttp\3.11.0\okhttp-3.11.0.jar;C:\Users\nasreenk\.m2\repository\com\squareup\okio\okio\1.14.0\okio-1.14.0.jar;C:\Users\nasreenk\.m2\repository\org\testng\testng\7.1.0\testng-7.1.0.jar;C:\Users\nasreenk\.m2\repository\com\beust\jcommander\1.72\jcommander-1.72.jar;C:\Users\nasreenk\.m2\repository\com\google\inject\guice\4.1.0\guice-4.1.0-no_aop.jar;C:\Users\nasreenk\.m2\repository\javax\inject\javax.inject\1\javax.inject-1.jar;C:\Users\nasreenk\.m2\repository\aopalliance\aopalliance\1.0\aopalliance-1.0.jar;C:\Users\nasreenk\.m2\repository\org\yaml\snakeyaml\1.21\snakeyaml-1.21.jar;C:\Users\nasreenk\.m2\repository\com\codoid\products\fillo\1.21\fillo-1.21.jar;C:\Users\nasreenk\.m2\repository\org\testng\reportng\1.2.2\reportng-1.2.2.jar;C:\Users\nasreenk\.m2\repository\org\freemarker\freemarker\2.3.28\freemarker-2.3.28.jar;C:\Users\nasreenk\.m2\repository\com\google\inject\guice\4.2.0\guice-4.2.0.jar;C:\Users\nasreenk\.m2\repository\io\qameta\allure\allure-testng\2.13.2\allure-testng-2.13.2.jar;C:\Users\nasreenk\.m2\repository\io\qameta\allure\allure-java-commons\2.13.2\allure-java-commons-2.13.2.jar;C:\Users\nasreenk\.m2\repository\io\qameta\allure\allure-model\2.13.2\allure-model-2.13.2.jar;C:\Users\nasreenk\.m2\repository\com\fasterxml\jackson\core\jackson-databind\2.9.8\jackson-databind-2.9.8.jar;C:\Users\nasreenk\.m2\repository\com\fasterxml\jackson\core\jackson-annotations\2.9.0\jackson-annotations-2.9.0.jar;C:\Users\nasreenk\.m2\repository\com\fasterxml\jackson\core\jackson-core\2.9.8\jackson-core-2.9.8.jar;C:\Users\nasreenk\.m2\repository\org\apache\tika\tika-core\1.20\tika-core-1.20.jar;C:\Users\nasreenk\.m2\repository\org\jooq\joor-java-8\0.9.10\joor-java-8-0.9.10.jar;C:\Users\nasreenk\.m2\repository\com\aventstack\extentreports\4.1.3\extentreports-4.1.3.jar;C:\Users\nasreenk\.m2\repository\org\apache\httpcomponents\httpclient\4.5.2\httpclient-4.5.2.jar;C:\Users\nasreenk\.m2\repository\org\apache\httpcomponents\httpcore\4.4.4\httpcore-4.4.4.jar;C:\Users\nasreenk\.m2\repository\commons-logging\commons-logging\1.2\commons-logging-1.2.jar;C:\Users\nasreenk\.m2\repository\org\apache\httpcomponents\httpmime\4.5.2\httpmime-4.5.2.jar;C:\Users\nasreenk\.m2\repository\org\mongodb\mongodb-driver\3.12.0\mongodb-driver-3.12.0.jar;C:\Users\nasreenk\.m2\repository\org\mongodb\mongodb-driver-core\3.12.0\mongodb-driver-core-3.12.0.jar;C:\Users\nasreenk\.m2\repository\org\mongodb\bson\3.12.0\bson-3.12.0.jar;C:\Users\nasreenk\.m2\repository\com\sun\mail\javax.mail\1.6.2\javax.mail-1.6.2.jar;C:\Users\nasreenk\.m2\repository\javax\activation\activation\1.1\activation-1.1.jar;C:\Users\nasreenk\.m2\repository\org\jsoup\jsoup\1.12.1\jsoup-1.12.1.jar;C:\Users\nasreenk\.m2\repository\com\google\code\findbugs\jsr305\3.0.2\jsr305-3.0.2.jar;C:\Users\nasreenk\.m2\repository\org\slf4j\slf4j-api\1.7.30\slf4j-api-1.7.30.jar;C:\Users\nasreenk\.m2\repository\org\slf4j\slf4j-log4j12\1.7.30\slf4j-log4j12-1.7.30.jar;C:\Users\nasreenk\.m2\repository\log4j\log4j\1.2.17\log4j-1.2.17.jar;C:\Users\nasreenk\.m2\repository\org\apache\logging\log4j\log4j-core\2.13.2\log4j-core-2.13.2.jar;C:\Users\nasreenk\.m2\repository\org\apache\logging\log4j\log4j-api\2.13.2\log4j-api-2.13.2.jar;C:\Users\nasreenk\.m2\repository\net\sourceforge\csvjdbc\csvjdbc\1.0.36\csvjdbc-1.0.36.jar;"/>
    <property name="java.vm.vendor" value="Oracle Corporation"/>
    <property name="sun.arch.data.model" value="64"/>
    <property name="user.variant" value=""/>
    <property name="java.vendor.url" value="https://openjdk.java.net/"/>
    <property name="user.timezone" value="Asia/Calcutta"/>
    <property name="java.vm.specification.version" value="11"/>
    <property name="os.name" value="Windows 10"/>
    <property name="sun.java.launcher" value="SUN_STANDARD"/>
    <property name="user.country" value="IN"/>
    <property name="sun.boot.library.path" value="C:\Program Files\Java\jdk-11.0.7\bin"/>
    <property name="sun.java.command" value="C:\Users\nasreenk\AppData\Local\Temp\surefire1191370029735708105\surefirebooter11454273771124029099.jar C:\Users\nasreenk\AppData\Local\Temp\surefire1191370029735708105 2020-07-01T19-00-30_881-jvmRun1 surefire2586890981088116224tmp surefire_018025097204615248905tmp"/>
    <property name="jdk.debug" value="release"/>
    <property name="surefire.test.class.path" value="E:\InelliJ\SeleniumTestJavaArtifact-billed to\SeleniumTestJavaArtifact\SeleniumTestJavaArtifact\target\test-classes;E:\InelliJ\SeleniumTestJavaArtifact-billed to\SeleniumTestJavaArtifact\SeleniumTestJavaArtifact\target\classes;C:\Users\nasreenk\.m2\repository\io\github\bonigarcia\webdrivermanager\4.0.0\webdrivermanager-4.0.0.jar;C:\Users\nasreenk\.m2\repository\commons-io\commons-io\2.6\commons-io-2.6.jar;C:\Users\nasreenk\.m2\repository\com\google\code\gson\gson\2.8.6\gson-2.8.6.jar;C:\Users\nasreenk\.m2\repository\org\apache\commons\commons-lang3\3.10\commons-lang3-3.10.jar;C:\Users\nasreenk\.m2\repository\org\apache\httpcomponents\client5\httpclient5\5.0\httpclient5-5.0.jar;C:\Users\nasreenk\.m2\repository\org\apache\httpcomponents\core5\httpcore5\5.0\httpcore5-5.0.jar;C:\Users\nasreenk\.m2\repository\org\apache\httpcomponents\core5\httpcore5-h2\5.0\httpcore5-h2-5.0.jar;C:\Users\nasreenk\.m2\repository\commons-codec\commons-codec\1.13\commons-codec-1.13.jar;C:\Users\nasreenk\.m2\repository\org\rauschig\jarchivelib\1.0.0\jarchivelib-1.0.0.jar;C:\Users\nasreenk\.m2\repository\org\apache\commons\commons-compress\1.18\commons-compress-1.18.jar;C:\Users\nasreenk\.m2\repository\org\seleniumhq\selenium\selenium-java\3.141.59\selenium-java-3.141.59.jar;C:\Users\nasreenk\.m2\repository\org\seleniumhq\selenium\selenium-api\3.141.59\selenium-api-3.141.59.jar;C:\Users\nasreenk\.m2\repository\org\seleniumhq\selenium\selenium-chrome-driver\3.141.59\selenium-chrome-driver-3.141.59.jar;C:\Users\nasreenk\.m2\repository\org\seleniumhq\selenium\selenium-edge-driver\3.141.59\selenium-edge-driver-3.141.59.jar;C:\Users\nasreenk\.m2\repository\org\seleniumhq\selenium\selenium-firefox-driver\3.141.59\selenium-firefox-driver-3.141.59.jar;C:\Users\nasreenk\.m2\repository\org\seleniumhq\selenium\selenium-ie-driver\3.141.59\selenium-ie-driver-3.141.59.jar;C:\Users\nasreenk\.m2\repository\org\seleniumhq\selenium\selenium-opera-driver\3.141.59\selenium-opera-driver-3.141.59.jar;C:\Users\nasreenk\.m2\repository\org\seleniumhq\selenium\selenium-remote-driver\3.141.59\selenium-remote-driver-3.141.59.jar;C:\Users\nasreenk\.m2\repository\org\seleniumhq\selenium\selenium-safari-driver\3.141.59\selenium-safari-driver-3.141.59.jar;C:\Users\nasreenk\.m2\repository\org\seleniumhq\selenium\selenium-support\3.141.59\selenium-support-3.141.59.jar;C:\Users\nasreenk\.m2\repository\net\bytebuddy\byte-buddy\1.8.15\byte-buddy-1.8.15.jar;C:\Users\nasreenk\.m2\repository\org\apache\commons\commons-exec\1.3\commons-exec-1.3.jar;C:\Users\nasreenk\.m2\repository\com\google\guava\guava\25.0-jre\guava-25.0-jre.jar;C:\Users\nasreenk\.m2\repository\org\checkerframework\checker-compat-qual\2.0.0\checker-compat-qual-2.0.0.jar;C:\Users\nasreenk\.m2\repository\com\google\errorprone\error_prone_annotations\2.1.3\error_prone_annotations-2.1.3.jar;C:\Users\nasreenk\.m2\repository\com\google\j2objc\j2objc-annotations\1.1\j2objc-annotations-1.1.jar;C:\Users\nasreenk\.m2\repository\org\codehaus\mojo\animal-sniffer-annotations\1.14\animal-sniffer-annotations-1.14.jar;C:\Users\nasreenk\.m2\repository\com\squareup\okhttp3\okhttp\3.11.0\okhttp-3.11.0.jar;C:\Users\nasreenk\.m2\repository\com\squareup\okio\okio\1.14.0\okio-1.14.0.jar;C:\Users\nasreenk\.m2\repository\org\testng\testng\7.1.0\testng-7.1.0.jar;C:\Users\nasreenk\.m2\repository\com\beust\jcommander\1.72\jcommander-1.72.jar;C:\Users\nasreenk\.m2\repository\com\google\inject\guice\4.1.0\guice-4.1.0-no_aop.jar;C:\Users\nasreenk\.m2\repository\javax\inject\javax.inject\1\javax.inject-1.jar;C:\Users\nasreenk\.m2\repository\aopalliance\aopalliance\1.0\aopalliance-1.0.jar;C:\Users\nasreenk\.m2\repository\org\yaml\snakeyaml\1.21\snakeyaml-1.21.jar;C:\Users\nasreenk\.m2\repository\com\codoid\products\fillo\1.21\fillo-1.21.jar;C:\Users\nasreenk\.m2\repository\org\testng\reportng\1.2.2\reportng-1.2.2.jar;C:\Users\nasreenk\.m2\repository\org\freemarker\freemarker\2.3.28\freemarker-2.3.28.jar;C:\Users\nasreenk\.m2\repository\com\google\inject\guice\4.2.0\guice-4.2.0.jar;C:\Users\nasreenk\.m2\repository\io\qameta\allure\allure-testng\2.13.2\allure-testng-2.13.2.jar;C:\Users\nasreenk\.m2\repository\io\qameta\allure\allure-java-commons\2.13.2\allure-java-commons-2.13.2.jar;C:\Users\nasreenk\.m2\repository\io\qameta\allure\allure-model\2.13.2\allure-model-2.13.2.jar;C:\Users\nasreenk\.m2\repository\com\fasterxml\jackson\core\jackson-databind\2.9.8\jackson-databind-2.9.8.jar;C:\Users\nasreenk\.m2\repository\com\fasterxml\jackson\core\jackson-annotations\2.9.0\jackson-annotations-2.9.0.jar;C:\Users\nasreenk\.m2\repository\com\fasterxml\jackson\core\jackson-core\2.9.8\jackson-core-2.9.8.jar;C:\Users\nasreenk\.m2\repository\org\apache\tika\tika-core\1.20\tika-core-1.20.jar;C:\Users\nasreenk\.m2\repository\org\jooq\joor-java-8\0.9.10\joor-java-8-0.9.10.jar;C:\Users\nasreenk\.m2\repository\com\aventstack\extentreports\4.1.3\extentreports-4.1.3.jar;C:\Users\nasreenk\.m2\repository\org\apache\httpcomponents\httpclient\4.5.2\httpclient-4.5.2.jar;C:\Users\nasreenk\.m2\repository\org\apache\httpcomponents\httpcore\4.4.4\httpcore-4.4.4.jar;C:\Users\nasreenk\.m2\repository\commons-logging\commons-logging\1.2\commons-logging-1.2.jar;C:\Users\nasreenk\.m2\repository\org\apache\httpcomponents\httpmime\4.5.2\httpmime-4.5.2.jar;C:\Users\nasreenk\.m2\repository\org\mongodb\mongodb-driver\3.12.0\mongodb-driver-3.12.0.jar;C:\Users\nasreenk\.m2\repository\org\mongodb\mongodb-driver-core\3.12.0\mongodb-driver-core-3.12.0.jar;C:\Users\nasreenk\.m2\repository\org\mongodb\bson\3.12.0\bson-3.12.0.jar;C:\Users\nasreenk\.m2\repository\com\sun\mail\javax.mail\1.6.2\javax.mail-1.6.2.jar;C:\Users\nasreenk\.m2\repository\javax\activation\activation\1.1\activation-1.1.jar;C:\Users\nasreenk\.m2\repository\org\jsoup\jsoup\1.12.1\jsoup-1.12.1.jar;C:\Users\nasreenk\.m2\repository\com\google\code\findbugs\jsr305\3.0.2\jsr305-3.0.2.jar;C:\Users\nasreenk\.m2\repository\org\slf4j\slf4j-api\1.7.30\slf4j-api-1.7.30.jar;C:\Users\nasreenk\.m2\repository\org\slf4j\slf4j-log4j12\1.7.30\slf4j-log4j12-1.7.30.jar;C:\Users\nasreenk\.m2\repository\log4j\log4j\1.2.17\log4j-1.2.17.jar;C:\Users\nasreenk\.m2\repository\org\apache\logging\log4j\log4j-core\2.13.2\log4j-core-2.13.2.jar;C:\Users\nasreenk\.m2\repository\org\apache\logging\log4j\log4j-api\2.13.2\log4j-api-2.13.2.jar;C:\Users\nasreenk\.m2\repository\net\sourceforge\csvjdbc\csvjdbc\1.0.36\csvjdbc-1.0.36.jar;"/>
    <property name="sun.cpu.endian" value="little"/>
    <property name="user.home" value="C:\Users\nasreenk"/>
    <property name="user.language" value="en"/>
    <property name="java.specification.vendor" value="Oracle Corporation"/>
    <property name="java.version.date" value="2020-04-14"/>
    <property name="java.home" value="C:\Program Files\Java\jdk-11.0.7"/>
    <property name="file.separator" value="\"/>
    <property name="basedir" value="E:\InelliJ\SeleniumTestJavaArtifact-billed to\SeleniumTestJavaArtifact\SeleniumTestJavaArtifact"/>
    <property name="java.vm.compressedOopsMode" value="32-bit"/>
    <property name="line.separator" value="&#10;"/>
    <property name="filename" value="utilities.listener.WebEventListener"/>
    <property name="java.specification.name" value="Java Platform API Specification"/>
    <property name="java.vm.specification.vendor" value="Oracle Corporation"/>
    <property name="java.awt.graphicsenv" value="sun.awt.Win32GraphicsEnvironment"/>
    <property name="idea.version2020.1.1" value="true"/>
    <property name="surefire.real.class.path" value="C:\Users\nasreenk\AppData\Local\Temp\surefire1191370029735708105\surefirebooter11454273771124029099.jar"/>
    <property name="user.script" value=""/>
    <property name="sun.management.compiler" value="HotSpot 64-Bit Tiered Compilers"/>
    <property name="java.runtime.version" value="11.0.7+8-LTS"/>
    <property name="user.name" value="Nasreenk"/>
    <property name="path.separator" value=";"/>
    <property name="os.version" value="10.0"/>
    <property name="java.runtime.name" value="Java(TM) SE Runtime Environment"/>
    <property name="file.encoding" value="Cp1252"/>
    <property name="java.vm.name" value="Java HotSpot(TM) 64-Bit Server VM"/>
    <property name="java.vendor.version" value="18.9"/>
    <property name="localRepository" value="C:\Users\nasreenk\.m2\repository"/>
    <property name="java.vendor.url.bug" value="https://bugreport.java.com/bugreport/"/>
    <property name="java.io.tmpdir" value="C:\Users\nasreenk\AppData\Local\Temp\"/>
    <property name="java.version" value="11.0.7"/>
    <property name="user.dir" value="E:\InelliJ\SeleniumTestJavaArtifact-billed to\SeleniumTestJavaArtifact\SeleniumTestJavaArtifact"/>
    <property name="os.arch" value="amd64"/>
    <property name="java.vm.specification.name" value="Java Virtual Machine Specification"/>
    <property name="java.awt.printerjob" value="sun.awt.windows.WPrinterJob"/>
    <property name="sun.os.patch.level" value=""/>
    <property name="java.library.path" value="C:\Program Files\Java\jdk-11.0.7\bin;C:\WINDOWS\Sun\Java\bin;C:\WINDOWS\system32;C:\WINDOWS;C:\ProgramData\Oracle\Java\javapath;C:\WINDOWS\system32;C:\WINDOWS;C:\Users\AditiB\AppData\Roaming\npm;%AppData%\npm;C:\Program Files\nodejs\;C:\WINDOWS\System32\Wbem;C:\WINDOWS\System32\WindowsPowerShell\v1.0\;C:\Program Files (x86)\Bitvise SSH Client;C:\WINDOWS\System32\OpenSSH\;C:\Program Files\Geth;C:\Program Files\Git\cmd;C:\Python27;C:\Go\bin;C:\Program Files\PuTTY\;C:\Program Files\Java\nssm-2.24\nssm-2.24\win64;C:\Program Files (x86)\Java\jdk1.8.0_25\bin;C:\Program Files (x86)\Java\jre1.8.0_25\bin;C:\android-sdk\platform-tools;C:\android-sdk\tools;E:\jmeter\apache-jmeter-5.2.1\bin;C:\Users\nasreenk\scoop\shims;C:\Program Files\Java\jdk-13.0.2\bin;."/>
    <property name="java.vendor" value="Oracle Corporation"/>
    <property name="java.vm.info" value="mixed mode"/>
    <property name="java.vm.version" value="11.0.7+8-LTS"/>
    <property name="sun.io.unicode.encoding" value="UnicodeLittle"/>
    <property name="java.class.version" value="55.0"/>
  </properties>
  <testcase name="signIn" classname="pages.LoginPageTest" time="4.557"/>
  <testcase name="clickOnConsignment" classname="pages.TestPageConsinment" time="14.038"/>
  <testcase name="doStarted" classname="pages.TestPageConsinment" time="50.59">
    <failure message="element click intercepted: Element &lt;div class=&quot;v-btn__content&quot; style=&quot;outline: dashed 2px red;&quot;&gt;...&lt;/div&gt; is not clickable at point (905, 530). Other element would receive the click: &lt;div class=&quot;v-overlay v-overlay--active&quot; style=&quot;z-index: 203;&quot;&gt;&lt;/div&gt;&#10;  (Session info: chrome=83.0.4103.116)&#10;Build info: version: &apos;3.141.59&apos;, revision: &apos;e82be7d358&apos;, time: &apos;2018-11-14T08:17:03&apos;&#10;System info: host: &apos;WJLP-1098&apos;, ip: &apos;192.168.65.1&apos;, os.name: &apos;Windows 10&apos;, os.arch: &apos;amd64&apos;, os.version: &apos;10.0&apos;, java.version: &apos;11.0.7&apos;&#10;Driver info: org.openqa.selenium.chrome.ChromeDriver&#10;Capabilities {acceptInsecureCerts: false, browserName: chrome, browserVersion: 83.0.4103.116, chrome: {chromedriverVersion: 83.0.4103.39 (ccbf011cb2d2b..., userDataDir: C:\Users\nasreenk\AppData\L...}, goog:chromeOptions: {debuggerAddress: localhost:52474}, javascriptEnabled: true, networkConnectionEnabled: false, pageLoadStrategy: none, platform: WINDOWS, platformName: WINDOWS, proxy: Proxy(), setWindowRect: true, strictFileInteractability: false, timeouts: {implicit: 0, pageLoad: 300000, script: 30000}, unhandledPromptBehavior: dismiss and notify, webauthn:virtualAuthenticators: true}&#10;Session ID: f0df22c9a92d7fee8be1e7b2e88e9be1" type="org.openqa.selenium.ElementClickInterceptedException"><![CDATA[org.openqa.selenium.ElementClickInterceptedException: 
element click intercepted: Element <div class="v-btn__content" style="outline: dashed 2px red;">...</div> is not clickable at point (905, 530). Other element would receive the click: <div class="v-overlay v-overlay--active" style="z-index: 203;"></div>
  (Session info: chrome=83.0.4103.116)
Build info: version: '3.141.59', revision: 'e82be7d358', time: '2018-11-14T08:17:03'
System info: host: 'WJLP-1098', ip: '192.168.65.1', os.name: 'Windows 10', os.arch: 'amd64', os.version: '10.0', java.version: '11.0.7'
Driver info: org.openqa.selenium.chrome.ChromeDriver
Capabilities {acceptInsecureCerts: false, browserName: chrome, browserVersion: 83.0.4103.116, chrome: {chromedriverVersion: 83.0.4103.39 (ccbf011cb2d2b..., userDataDir: C:\Users\nasreenk\AppData\L...}, goog:chromeOptions: {debuggerAddress: localhost:52474}, javascriptEnabled: true, networkConnectionEnabled: false, pageLoadStrategy: none, platform: WINDOWS, platformName: WINDOWS, proxy: Proxy(), setWindowRect: true, strictFileInteractability: false, timeouts: {implicit: 0, pageLoad: 300000, script: 30000}, unhandledPromptBehavior: dismiss and notify, webauthn:virtualAuthenticators: true}
Session ID: f0df22c9a92d7fee8be1e7b2e88e9be1
	at pages.TestPageConsinment.doStarted(TestPageConsinment.java:79)
]]></failure>
    <system-out><![CDATA[2020-07-01/19:01:30.478 ERROR: allure.AllureLifecycle - Could not add attachment: no test is running
51484 [main] ERROR io.qameta.allure.AllureLifecycle  - Could not add attachment: no test is running
2020-07-01/19:01:33.032 ERROR: allure.AllureLifecycle - Could not add attachment: no test is running
54038 [main] ERROR io.qameta.allure.AllureLifecycle  - Could not add attachment: no test is running
I am in onTestStart method doStarted start
2020-07-01/19:01:33.352  INFO: listener.WebEventListener - Before Finding element: By.xpath: //div[@class='spinner-inner']/parent::*/parent::div[contains(@class,'active')]
54358 [main] INFO utilities.listener.WebEventListener  - Before Finding element: By.xpath: //div[@class='spinner-inner']/parent::*/parent::div[contains(@class,'active')]
2020-07-01/19:01:33.413  INFO: listener.WebEventListener - Before Finding element: By.xpath: //div[@class='spinner-inner']/parent::*/parent::div[contains(@class,'active')]
54419 [main] INFO utilities.listener.WebEventListener  - Before Finding element: By.xpath: //div[@class='spinner-inner']/parent::*/parent::div[contains(@class,'active')]
2020-07-01/19:01:33.683  INFO: listener.WebEventListener - Before Finding element: By.xpath: //div[@class='spinner-inner']/parent::*/parent::div[contains(@class,'active')]
54689 [main] INFO utilities.listener.WebEventListener  - Before Finding element: By.xpath: //div[@class='spinner-inner']/parent::*/parent::div[contains(@class,'active')]
2020-07-01/19:01:33.955  INFO: listener.WebEventListener - Before Finding element: By.xpath: //div[@class='spinner-inner']/parent::*/parent::div[contains(@class,'active')]
54961 [main] INFO utilities.listener.WebEventListener  - Before Finding element: By.xpath: //div[@class='spinner-inner']/parent::*/parent::div[contains(@class,'active')]
2020-07-01/19:01:34.228  INFO: listener.WebEventListener - Before Finding element: By.xpath: //div[@class='spinner-inner']/parent::*/parent::div[contains(@class,'active')]
55234 [main] INFO utilities.listener.WebEventListener  - Before Finding element: By.xpath: //div[@class='spinner-inner']/parent::*/parent::div[contains(@class,'active')]
2020-07-01/19:01:34.497  INFO: listener.WebEventListener - Before Finding element: By.xpath: //div[@class='spinner-inner']/parent::*/parent::div[contains(@class,'active')]
55503 [main] INFO utilities.listener.WebEventListener  - Before Finding element: By.xpath: //div[@class='spinner-inner']/parent::*/parent::div[contains(@class,'active')]
2020-07-01/19:01:34.763  INFO: listener.WebEventListener - Before Finding element: By.xpath: //div[@class='spinner-inner']/parent::*/parent::div[contains(@class,'active')]
55769 [main] INFO utilities.listener.WebEventListener  - Before Finding element: By.xpath: //div[@class='spinner-inner']/parent::*/parent::div[contains(@class,'active')]
2020-07-01/19:01:35.032  INFO: listener.WebEventListener - Before Finding element: By.xpath: //div[@class='spinner-inner']/parent::*/parent::div[contains(@class,'active')]
56038 [main] INFO utilities.listener.WebEventListener  - Before Finding element: By.xpath: //div[@class='spinner-inner']/parent::*/parent::div[contains(@class,'active')]
2020-07-01/19:01:35.302  INFO: listener.WebEventListener - Before Finding element: By.xpath: //div[@class='spinner-inner']/parent::*/parent::div[contains(@class,'active')]
56308 [main] INFO utilities.listener.WebEventListener  - Before Finding element: By.xpath: //div[@class='spinner-inner']/parent::*/parent::div[contains(@class,'active')]
2020-07-01/19:01:35.570  INFO: listener.WebEventListener - Before Finding element: By.xpath: //div[@class='spinner-inner']/parent::*/parent::div[contains(@class,'active')]
56576 [main] INFO utilities.listener.WebEventListener  - Before Finding element: By.xpath: //div[@class='spinner-inner']/parent::*/parent::div[contains(@class,'active')]
2020-07-01/19:01:35.839  INFO: listener.WebEventListener - Before Finding element: By.xpath: //div[@class='spinner-inner']/parent::*/parent::div[contains(@class,'active')]
56845 [main] INFO utilities.listener.WebEventListener  - Before Finding element: By.xpath: //div[@class='spinner-inner']/parent::*/parent::div[contains(@class,'active')]
2020-07-01/19:01:36.106  INFO: listener.WebEventListener - Before Finding element: By.xpath: //div[@class='spinner-inner']/parent::*/parent::div[contains(@class,'active')]
57112 [main] INFO utilities.listener.WebEventListener  - Before Finding element: By.xpath: //div[@class='spinner-inner']/parent::*/parent::div[contains(@class,'active')]
2020-07-01/19:01:36.371  INFO: listener.WebEventListener - Before Finding element: By.xpath: //div[@class='spinner-inner']/parent::*/parent::div[contains(@class,'active')]
57377 [main] INFO utilities.listener.WebEventListener  - Before Finding element: By.xpath: //div[@class='spinner-inner']/parent::*/parent::div[contains(@class,'active')]
2020-07-01/19:01:36.637  INFO: listener.WebEventListener - Before Finding element: By.xpath: //div[@class='spinner-inner']/parent::*/parent::div[contains(@class,'active')]
57643 [main] INFO utilities.listener.WebEventListener  - Before Finding element: By.xpath: //div[@class='spinner-inner']/parent::*/parent::div[contains(@class,'active')]
2020-07-01/19:01:36.904  INFO: listener.WebEventListener - Before Finding element: By.xpath: //div[@class='spinner-inner']/parent::*/parent::div[contains(@class,'active')]
57910 [main] INFO utilities.listener.WebEventListener  - Before Finding element: By.xpath: //div[@class='spinner-inner']/parent::*/parent::div[contains(@class,'active')]
2020-07-01/19:01:37.171  INFO: listener.WebEventListener - Before Finding element: By.xpath: //div[@class='spinner-inner']/parent::*/parent::div[contains(@class,'active')]
58177 [main] INFO utilities.listener.WebEventListener  - Before Finding element: By.xpath: //div[@class='spinner-inner']/parent::*/parent::div[contains(@class,'active')]
2020-07-01/19:01:38.251  INFO: listener.WebEventListener - Before Finding element: By.xpath: //div[@class='spinner-inner']/parent::*/parent::div[contains(@class,'active')]
59257 [main] INFO utilities.listener.WebEventListener  - Before Finding element: By.xpath: //div[@class='spinner-inner']/parent::*/parent::div[contains(@class,'active')]
2020-07-01/19:01:39.716  INFO: listener.WebEventListener - Element Found and highlighted: [[ChromeDriver: chrome on WINDOWS (f0df22c9a92d7fee8be1e7b2e88e9be1)] -> xpath: //div[@class='spinner-inner']/parent::*/parent::div[contains(@class,'active')]]
60722 [main] INFO utilities.listener.WebEventListener  - Element Found and highlighted: [[ChromeDriver: chrome on WINDOWS (f0df22c9a92d7fee8be1e7b2e88e9be1)] -> xpath: //div[@class='spinner-inner']/parent::*/parent::div[contains(@class,'active')]]
xpath locatorType
//div[@class='spinner-inner']/parent::*/parent::div[contains(@class,'active')] locatorPath
2020-07-01/19:01:39.727  INFO: listener.WebEventListener - Before Finding element: By.xpath: //div[@class='spinner-inner']/parent::*/parent::div[contains(@class,'active')]
60733 [main] INFO utilities.listener.WebEventListener  - Before Finding element: By.xpath: //div[@class='spinner-inner']/parent::*/parent::div[contains(@class,'active')]
2020-07-01/19:01:40.011  INFO: listener.WebEventListener - Element Found and highlighted: [[ChromeDriver: chrome on WINDOWS (f0df22c9a92d7fee8be1e7b2e88e9be1)] -> xpath: //div[@class='spinner-inner']/parent::*/parent::div[contains(@class,'active')]]
61017 [main] INFO utilities.listener.WebEventListener  - Element Found and highlighted: [[ChromeDriver: chrome on WINDOWS (f0df22c9a92d7fee8be1e7b2e88e9be1)] -> xpath: //div[@class='spinner-inner']/parent::*/parent::div[contains(@class,'active')]]
2020-07-01/19:01:40.068  INFO: listener.WebEventListener - Before Finding element: By.xpath: //div[@class='spinner-inner']/parent::*/parent::div[contains(@class,'active')]
61074 [main] INFO utilities.listener.WebEventListener  - Before Finding element: By.xpath: //div[@class='spinner-inner']/parent::*/parent::div[contains(@class,'active')]
2020-07-01/19:01:40.315  INFO: listener.WebEventListener - Element Found and highlighted: [[ChromeDriver: chrome on WINDOWS (f0df22c9a92d7fee8be1e7b2e88e9be1)] -> xpath: //div[@class='spinner-inner']/parent::*/parent::div[contains(@class,'active')]]
61321 [main] INFO utilities.listener.WebEventListener  - Element Found and highlighted: [[ChromeDriver: chrome on WINDOWS (f0df22c9a92d7fee8be1e7b2e88e9be1)] -> xpath: //div[@class='spinner-inner']/parent::*/parent::div[contains(@class,'active')]]
xpath locatorType
//div[@class='spinner-inner']/parent::*/parent::div[contains(@class,'active')] locatorPath
2020-07-01/19:01:40.320  INFO: listener.WebEventListener - Before Finding element: By.xpath: //div[@class='spinner-inner']/parent::*/parent::div[contains(@class,'active')]
61326 [main] INFO utilities.listener.WebEventListener  - Before Finding element: By.xpath: //div[@class='spinner-inner']/parent::*/parent::div[contains(@class,'active')]
2020-07-01/19:01:40.581  INFO: listener.WebEventListener - Element Found and highlighted: [[ChromeDriver: chrome on WINDOWS (f0df22c9a92d7fee8be1e7b2e88e9be1)] -> xpath: //div[@class='spinner-inner']/parent::*/parent::div[contains(@class,'active')]]
61587 [main] INFO utilities.listener.WebEventListener  - Element Found and highlighted: [[ChromeDriver: chrome on WINDOWS (f0df22c9a92d7fee8be1e7b2e88e9be1)] -> xpath: //div[@class='spinner-inner']/parent::*/parent::div[contains(@class,'active')]]
2020-07-01/19:01:41.130  INFO: listener.WebEventListener - Before Finding element: By.xpath: //div[@class='spinner-inner']/parent::*/parent::div[contains(@class,'active')]
62136 [main] INFO utilities.listener.WebEventListener  - Before Finding element: By.xpath: //div[@class='spinner-inner']/parent::*/parent::div[contains(@class,'active')]
2020-07-01/19:01:41.382  INFO: listener.WebEventListener - Element Found and highlighted: [[ChromeDriver: chrome on WINDOWS (f0df22c9a92d7fee8be1e7b2e88e9be1)] -> xpath: //div[@class='spinner-inner']/parent::*/parent::div[contains(@class,'active')]]
62388 [main] INFO utilities.listener.WebEventListener  - Element Found and highlighted: [[ChromeDriver: chrome on WINDOWS (f0df22c9a92d7fee8be1e7b2e88e9be1)] -> xpath: //div[@class='spinner-inner']/parent::*/parent::div[contains(@class,'active')]]
2020-07-01/19:01:41.928  INFO: listener.WebEventListener - Before Finding element: By.xpath: //div[@class='spinner-inner']/parent::*/parent::div[contains(@class,'active')]
62934 [main] INFO utilities.listener.WebEventListener  - Before Finding element: By.xpath: //div[@class='spinner-inner']/parent::*/parent::div[contains(@class,'active')]
2020-07-01/19:01:42.175  INFO: listener.WebEventListener - Element Found and highlighted: [[ChromeDriver: chrome on WINDOWS (f0df22c9a92d7fee8be1e7b2e88e9be1)] -> xpath: //div[@class='spinner-inner']/parent::*/parent::div[contains(@class,'active')]]
63181 [main] INFO utilities.listener.WebEventListener  - Element Found and highlighted: [[ChromeDriver: chrome on WINDOWS (f0df22c9a92d7fee8be1e7b2e88e9be1)] -> xpath: //div[@class='spinner-inner']/parent::*/parent::div[contains(@class,'active')]]
2020-07-01/19:01:42.978  INFO: listener.WebEventListener - Before Finding element: By.xpath: //div[@class='spinner-inner']/parent::*/parent::div[contains(@class,'active')]
63984 [main] INFO utilities.listener.WebEventListener  - Before Finding element: By.xpath: //div[@class='spinner-inner']/parent::*/parent::div[contains(@class,'active')]
2020-07-01/19:01:42.994  INFO: listener.WebEventListener - Before Finding element: By.xpath: //input[@id='ConsignmentID']
64000 [main] INFO utilities.listener.WebEventListener  - Before Finding element: By.xpath: //input[@id='ConsignmentID']
2020-07-01/19:01:43.245  INFO: listener.WebEventListener - Element Found and highlighted: [[ChromeDriver: chrome on WINDOWS (f0df22c9a92d7fee8be1e7b2e88e9be1)] -> xpath: //input[@id='ConsignmentID']]
64251 [main] INFO utilities.listener.WebEventListener  - Element Found and highlighted: [[ChromeDriver: chrome on WINDOWS (f0df22c9a92d7fee8be1e7b2e88e9be1)] -> xpath: //input[@id='ConsignmentID']]
2020-07-01/19:01:43.317  INFO: listener.WebEventListener - Default Value :
64323 [main] INFO utilities.listener.WebEventListener  - Default Value :
2020-07-01/19:01:44.282  INFO: listener.WebEventListener - Entered Value :UAT42092125
65288 [main] INFO utilities.listener.WebEventListener  - Entered Value :UAT42092125
2020-07-01/19:01:44.283  INFO: listener.WebEventListener - Before Finding element: By.xpath: //div[@class='spinner-inner']/parent::*/parent::div[contains(@class,'active')]
65289 [main] INFO utilities.listener.WebEventListener  - Before Finding element: By.xpath: //div[@class='spinner-inner']/parent::*/parent::div[contains(@class,'active')]
2020-07-01/19:01:44.547  INFO: listener.WebEventListener - Element Found and highlighted: [[ChromeDriver: chrome on WINDOWS (f0df22c9a92d7fee8be1e7b2e88e9be1)] -> xpath: //div[@class='spinner-inner']/parent::*/parent::div[contains(@class,'active')]]
65553 [main] INFO utilities.listener.WebEventListener  - Element Found and highlighted: [[ChromeDriver: chrome on WINDOWS (f0df22c9a92d7fee8be1e7b2e88e9be1)] -> xpath: //div[@class='spinner-inner']/parent::*/parent::div[contains(@class,'active')]]
xpath locatorType
//div[@class='spinner-inner']/parent::*/parent::div[contains(@class,'active')] locatorPath
2020-07-01/19:01:44.548  INFO: listener.WebEventListener - Before Finding element: By.xpath: //div[@class='spinner-inner']/parent::*/parent::div[contains(@class,'active')]
65554 [main] INFO utilities.listener.WebEventListener  - Before Finding element: By.xpath: //div[@class='spinner-inner']/parent::*/parent::div[contains(@class,'active')]
2020-07-01/19:01:44.845  INFO: listener.WebEventListener - Element Found and highlighted: [[ChromeDriver: chrome on WINDOWS (f0df22c9a92d7fee8be1e7b2e88e9be1)] -> xpath: //div[@class='spinner-inner']/parent::*/parent::div[contains(@class,'active')]]
65851 [main] INFO utilities.listener.WebEventListener  - Element Found and highlighted: [[ChromeDriver: chrome on WINDOWS (f0df22c9a92d7fee8be1e7b2e88e9be1)] -> xpath: //div[@class='spinner-inner']/parent::*/parent::div[contains(@class,'active')]]
2020-07-01/19:01:44.895  INFO: listener.WebEventListener - Before Finding element: By.xpath: //div[@class='spinner-inner']/parent::*/parent::div[contains(@class,'active')]
65901 [main] INFO utilities.listener.WebEventListener  - Before Finding element: By.xpath: //div[@class='spinner-inner']/parent::*/parent::div[contains(@class,'active')]
2020-07-01/19:01:45.145  INFO: listener.WebEventListener - Element Found and highlighted: [[ChromeDriver: chrome on WINDOWS (f0df22c9a92d7fee8be1e7b2e88e9be1)] -> xpath: //div[@class='spinner-inner']/parent::*/parent::div[contains(@class,'active')]]
66151 [main] INFO utilities.listener.WebEventListener  - Element Found and highlighted: [[ChromeDriver: chrome on WINDOWS (f0df22c9a92d7fee8be1e7b2e88e9be1)] -> xpath: //div[@class='spinner-inner']/parent::*/parent::div[contains(@class,'active')]]
xpath locatorType
//div[@class='spinner-inner']/parent::*/parent::div[contains(@class,'active')] locatorPath
2020-07-01/19:01:45.147  INFO: listener.WebEventListener - Before Finding element: By.xpath: //div[@class='spinner-inner']/parent::*/parent::div[contains(@class,'active')]
66153 [main] INFO utilities.listener.WebEventListener  - Before Finding element: By.xpath: //div[@class='spinner-inner']/parent::*/parent::div[contains(@class,'active')]
2020-07-01/19:01:45.401  INFO: listener.WebEventListener - Element Found and highlighted: [[ChromeDriver: chrome on WINDOWS (f0df22c9a92d7fee8be1e7b2e88e9be1)] -> xpath: //div[@class='spinner-inner']/parent::*/parent::div[contains(@class,'active')]]
66407 [main] INFO utilities.listener.WebEventListener  - Element Found and highlighted: [[ChromeDriver: chrome on WINDOWS (f0df22c9a92d7fee8be1e7b2e88e9be1)] -> xpath: //div[@class='spinner-inner']/parent::*/parent::div[contains(@class,'active')]]
2020-07-01/19:01:45.953  INFO: listener.WebEventListener - Before Finding element: By.xpath: //div[@class='spinner-inner']/parent::*/parent::div[contains(@class,'active')]
66959 [main] INFO utilities.listener.WebEventListener  - Before Finding element: By.xpath: //div[@class='spinner-inner']/parent::*/parent::div[contains(@class,'active')]
2020-07-01/19:01:46.427  INFO: listener.WebEventListener - Element Found and highlighted: [[ChromeDriver: chrome on WINDOWS (f0df22c9a92d7fee8be1e7b2e88e9be1)] -> xpath: //div[@class='spinner-inner']/parent::*/parent::div[contains(@class,'active')]]
67433 [main] INFO utilities.listener.WebEventListener  - Element Found and highlighted: [[ChromeDriver: chrome on WINDOWS (f0df22c9a92d7fee8be1e7b2e88e9be1)] -> xpath: //div[@class='spinner-inner']/parent::*/parent::div[contains(@class,'active')]]
2020-07-01/19:01:46.516  INFO: listener.WebEventListener - Before Finding element: By.xpath: //input[@id='BilledTo']
67522 [main] INFO utilities.listener.WebEventListener  - Before Finding element: By.xpath: //input[@id='BilledTo']
2020-07-01/19:01:46.904  INFO: listener.WebEventListener - Element Found and highlighted: [[ChromeDriver: chrome on WINDOWS (f0df22c9a92d7fee8be1e7b2e88e9be1)] -> xpath: //input[@id='BilledTo']]
67910 [main] INFO utilities.listener.WebEventListener  - Element Found and highlighted: [[ChromeDriver: chrome on WINDOWS (f0df22c9a92d7fee8be1e7b2e88e9be1)] -> xpath: //input[@id='BilledTo']]
2020-07-01/19:01:46.905  INFO: listener.WebEventListener - beforeClickOn xpath: //input[@id='BilledTo']]
67911 [main] INFO utilities.listener.WebEventListener  - beforeClickOn xpath: //input[@id='BilledTo']]
2020-07-01/19:01:47.108  INFO: listener.WebEventListener - after click on
68114 [main] INFO utilities.listener.WebEventListener  - after click on
2020-07-01/19:01:47.301  INFO: listener.WebEventListener - Default Value :
68307 [main] INFO utilities.listener.WebEventListener  - Default Value :
2020-07-01/19:01:47.630  INFO: listener.WebEventListener - Entered Value :CELW01
68636 [main] INFO utilities.listener.WebEventListener  - Entered Value :CELW01
2020-07-01/19:01:47.631  INFO: listener.WebEventListener - beforeClickOn xpath: //input[@id='BilledTo']]
68637 [main] INFO utilities.listener.WebEventListener  - beforeClickOn xpath: //input[@id='BilledTo']]
2020-07-01/19:01:47.749  INFO: listener.WebEventListener - after click on
68755 [main] INFO utilities.listener.WebEventListener  - after click on
2020-07-01/19:01:47.750  INFO: listener.WebEventListener - Before Finding element: By.xpath: //div[@class='v-menu__content theme--light menuable__content__active v-autocomplete__content']//div[@role='listitem'][1]
68756 [main] INFO utilities.listener.WebEventListener  - Before Finding element: By.xpath: //div[@class='v-menu__content theme--light menuable__content__active v-autocomplete__content']//div[@role='listitem'][1]
2020-07-01/19:01:47.783  INFO: listener.WebEventListener - Before Finding element: By.xpath: //div[@class='v-menu__content theme--light menuable__content__active v-autocomplete__content']//div[@role='listitem'][1]
68789 [main] INFO utilities.listener.WebEventListener  - Before Finding element: By.xpath: //div[@class='v-menu__content theme--light menuable__content__active v-autocomplete__content']//div[@role='listitem'][1]
2020-07-01/19:01:48.056  INFO: listener.WebEventListener - Before Finding element: By.xpath: //div[@class='v-menu__content theme--light menuable__content__active v-autocomplete__content']//div[@role='listitem'][1]
69062 [main] INFO utilities.listener.WebEventListener  - Before Finding element: By.xpath: //div[@class='v-menu__content theme--light menuable__content__active v-autocomplete__content']//div[@role='listitem'][1]
2020-07-01/19:01:48.341  INFO: listener.WebEventListener - Before Finding element: By.xpath: //div[@class='v-menu__content theme--light menuable__content__active v-autocomplete__content']//div[@role='listitem'][1]
69347 [main] INFO utilities.listener.WebEventListener  - Before Finding element: By.xpath: //div[@class='v-menu__content theme--light menuable__content__active v-autocomplete__content']//div[@role='listitem'][1]
2020-07-01/19:01:48.614  INFO: listener.WebEventListener - Before Finding element: By.xpath: //div[@class='v-menu__content theme--light menuable__content__active v-autocomplete__content']//div[@role='listitem'][1]
69620 [main] INFO utilities.listener.WebEventListener  - Before Finding element: By.xpath: //div[@class='v-menu__content theme--light menuable__content__active v-autocomplete__content']//div[@role='listitem'][1]
2020-07-01/19:01:48.892  INFO: listener.WebEventListener - Before Finding element: By.xpath: //div[@class='v-menu__content theme--light menuable__content__active v-autocomplete__content']//div[@role='listitem'][1]
69898 [main] INFO utilities.listener.WebEventListener  - Before Finding element: By.xpath: //div[@class='v-menu__content theme--light menuable__content__active v-autocomplete__content']//div[@role='listitem'][1]
2020-07-01/19:01:49.163  INFO: listener.WebEventListener - Element Found and highlighted: [[ChromeDriver: chrome on WINDOWS (f0df22c9a92d7fee8be1e7b2e88e9be1)] -> xpath: //div[@class='v-menu__content theme--light menuable__content__active v-autocomplete__content']//div[@role='listitem'][1]]
70169 [main] INFO utilities.listener.WebEventListener  - Element Found and highlighted: [[ChromeDriver: chrome on WINDOWS (f0df22c9a92d7fee8be1e7b2e88e9be1)] -> xpath: //div[@class='v-menu__content theme--light menuable__content__active v-autocomplete__content']//div[@role='listitem'][1]]
hhhhhhhhhhhhhhhhhhhhhh
2020-07-01/19:01:49.244  INFO: listener.WebEventListener - beforeClickOn xpath: //div[@class='v-menu__content theme--light menuable__content__active v-autocomplete__content']//div[@role='listitem'][1]]
70250 [main] INFO utilities.listener.WebEventListener  - beforeClickOn xpath: //div[@class='v-menu__content theme--light menuable__content__active v-autocomplete__content']//div[@role='listitem'][1]]
2020-07-01/19:01:49.537  INFO: listener.WebEventListener - after click on
70543 [main] INFO utilities.listener.WebEventListener  - after click on
2020-07-01/19:01:49.537  INFO: listener.WebEventListener - Before Finding element: By.xpath: //label[text()='Commodity']/parent::*/div[1]/div
70543 [main] INFO utilities.listener.WebEventListener  - Before Finding element: By.xpath: //label[text()='Commodity']/parent::*/div[1]/div
2020-07-01/19:01:49.609  INFO: listener.WebEventListener - Before Finding element: By.xpath: //label[text()='Commodity']/parent::*/div[1]/div
70615 [main] INFO utilities.listener.WebEventListener  - Before Finding element: By.xpath: //label[text()='Commodity']/parent::*/div[1]/div
2020-07-01/19:01:49.887  INFO: listener.WebEventListener - Before Finding element: By.xpath: //label[text()='Commodity']/parent::*/div[1]/div
70893 [main] INFO utilities.listener.WebEventListener  - Before Finding element: By.xpath: //label[text()='Commodity']/parent::*/div[1]/div
2020-07-01/19:01:50.177  INFO: listener.WebEventListener - Before Finding element: By.xpath: //label[text()='Commodity']/parent::*/div[1]/div
71183 [main] INFO utilities.listener.WebEventListener  - Before Finding element: By.xpath: //label[text()='Commodity']/parent::*/div[1]/div
2020-07-01/19:01:50.449  INFO: listener.WebEventListener - Before Finding element: By.xpath: //label[text()='Commodity']/parent::*/div[1]/div
71455 [main] INFO utilities.listener.WebEventListener  - Before Finding element: By.xpath: //label[text()='Commodity']/parent::*/div[1]/div
2020-07-01/19:01:50.716  INFO: listener.WebEventListener - Before Finding element: By.xpath: //label[text()='Commodity']/parent::*/div[1]/div
71722 [main] INFO utilities.listener.WebEventListener  - Before Finding element: By.xpath: //label[text()='Commodity']/parent::*/div[1]/div
2020-07-01/19:01:51.070  INFO: listener.WebEventListener - Before Finding element: By.xpath: //label[text()='Commodity']/parent::*/div[1]/div
72076 [main] INFO utilities.listener.WebEventListener  - Before Finding element: By.xpath: //label[text()='Commodity']/parent::*/div[1]/div
2020-07-01/19:01:51.449  INFO: listener.WebEventListener - Before Finding element: By.xpath: //label[text()='Commodity']/parent::*/div[1]/div
72455 [main] INFO utilities.listener.WebEventListener  - Before Finding element: By.xpath: //label[text()='Commodity']/parent::*/div[1]/div
2020-07-01/19:01:51.733  INFO: listener.WebEventListener - Before Finding element: By.xpath: //label[text()='Commodity']/parent::*/div[1]/div
72739 [main] INFO utilities.listener.WebEventListener  - Before Finding element: By.xpath: //label[text()='Commodity']/parent::*/div[1]/div
2020-07-01/19:01:52.014  INFO: listener.WebEventListener - Before Finding element: By.xpath: //label[text()='Commodity']/parent::*/div[1]/div
73020 [main] INFO utilities.listener.WebEventListener  - Before Finding element: By.xpath: //label[text()='Commodity']/parent::*/div[1]/div
2020-07-01/19:01:52.292  INFO: listener.WebEventListener - Before Finding element: By.xpath: //label[text()='Commodity']/parent::*/div[1]/div
73298 [main] INFO utilities.listener.WebEventListener  - Before Finding element: By.xpath: //label[text()='Commodity']/parent::*/div[1]/div
2020-07-01/19:01:53.022  INFO: listener.WebEventListener - Element Found and highlighted: [[ChromeDriver: chrome on WINDOWS (f0df22c9a92d7fee8be1e7b2e88e9be1)] -> xpath: //label[text()='Commodity']/parent::*/div[1]/div]
74028 [main] INFO utilities.listener.WebEventListener  - Element Found and highlighted: [[ChromeDriver: chrome on WINDOWS (f0df22c9a92d7fee8be1e7b2e88e9be1)] -> xpath: //label[text()='Commodity']/parent::*/div[1]/div]
2020-07-01/19:01:53.112  INFO: listener.WebEventListener - beforeClickOn xpath: //label[text()='Commodity']/parent::*/div[1]/div]
74118 [main] INFO utilities.listener.WebEventListener  - beforeClickOn xpath: //label[text()='Commodity']/parent::*/div[1]/div]
2020-07-01/19:01:53.252  INFO: listener.WebEventListener - after click on
74258 [main] INFO utilities.listener.WebEventListener  - after click on
2020-07-01/19:01:53.254  INFO: listener.WebEventListener - Before Finding element: By.xpath: //div[@class='v-menu__content theme--light menuable__content__active']//div[@role='listitem' and @class='primary--text']
74260 [main] INFO utilities.listener.WebEventListener  - Before Finding element: By.xpath: //div[@class='v-menu__content theme--light menuable__content__active']//div[@role='listitem' and @class='primary--text']
2020-07-01/19:01:53.342  INFO: listener.WebEventListener - Before Finding element: By.xpath: //div[@class='v-menu__content theme--light menuable__content__active']//div[@role='listitem' and @class='primary--text']
74348 [main] INFO utilities.listener.WebEventListener  - Before Finding element: By.xpath: //div[@class='v-menu__content theme--light menuable__content__active']//div[@role='listitem' and @class='primary--text']
2020-07-01/19:01:53.643  INFO: listener.WebEventListener - Before Finding element: By.xpath: //div[@class='v-menu__content theme--light menuable__content__active']//div[@role='listitem' and @class='primary--text']
74649 [main] INFO utilities.listener.WebEventListener  - Before Finding element: By.xpath: //div[@class='v-menu__content theme--light menuable__content__active']//div[@role='listitem' and @class='primary--text']
2020-07-01/19:01:53.922  INFO: listener.WebEventListener - Before Finding element: By.xpath: //div[@class='v-menu__content theme--light menuable__content__active']//div[@role='listitem' and @class='primary--text']
74928 [main] INFO utilities.listener.WebEventListener  - Before Finding element: By.xpath: //div[@class='v-menu__content theme--light menuable__content__active']//div[@role='listitem' and @class='primary--text']
2020-07-01/19:01:54.167  INFO: listener.WebEventListener - Element Found and highlighted: [[ChromeDriver: chrome on WINDOWS (f0df22c9a92d7fee8be1e7b2e88e9be1)] -> xpath: //div[@class='v-menu__content theme--light menuable__content__active']//div[@role='listitem' and @class='primary--text']]
75173 [main] INFO utilities.listener.WebEventListener  - Element Found and highlighted: [[ChromeDriver: chrome on WINDOWS (f0df22c9a92d7fee8be1e7b2e88e9be1)] -> xpath: //div[@class='v-menu__content theme--light menuable__content__active']//div[@role='listitem' and @class='primary--text']]
2020-07-01/19:01:54.224  INFO: listener.WebEventListener - beforeClickOn xpath: //div[@class='v-menu__content theme--light menuable__content__active']//div[@role='listitem' and @class='primary--text']]
75230 [main] INFO utilities.listener.WebEventListener  - beforeClickOn xpath: //div[@class='v-menu__content theme--light menuable__content__active']//div[@role='listitem' and @class='primary--text']]
2020-07-01/19:01:54.324  INFO: listener.WebEventListener - after click on
75330 [main] INFO utilities.listener.WebEventListener  - after click on
2020-07-01/19:01:54.324  INFO: listener.WebEventListener - Before Finding element: By.xpath: //div[@class='v-select__selections']/div[contains(text(),'Cellular Equipment')]
75330 [main] INFO utilities.listener.WebEventListener  - Before Finding element: By.xpath: //div[@class='v-select__selections']/div[contains(text(),'Cellular Equipment')]
2020-07-01/19:01:54.611  INFO: listener.WebEventListener - Element Found and highlighted: [[ChromeDriver: chrome on WINDOWS (f0df22c9a92d7fee8be1e7b2e88e9be1)] -> xpath: //div[@class='v-select__selections']/div[contains(text(),'Cellular Equipment')]]
75617 [main] INFO utilities.listener.WebEventListener  - Element Found and highlighted: [[ChromeDriver: chrome on WINDOWS (f0df22c9a92d7fee8be1e7b2e88e9be1)] -> xpath: //div[@class='v-select__selections']/div[contains(text(),'Cellular Equipment')]]
2020-07-01/19:01:54.689  INFO: listener.WebEventListener - beforeClickOn xpath: //div[@class='v-select__selections']/div[contains(text(),'Cellular Equipment')]]
75695 [main] INFO utilities.listener.WebEventListener  - beforeClickOn xpath: //div[@class='v-select__selections']/div[contains(text(),'Cellular Equipment')]]
2020-07-01/19:01:54.775  INFO: listener.WebEventListener - after click on
75781 [main] INFO utilities.listener.WebEventListener  - after click on
2020-07-01/19:01:54.776  INFO: listener.WebEventListener - Before Finding element: By.xpath: //div[@class='v-list__tile__content']/div[contains(text(),'Documentation')]
75782 [main] INFO utilities.listener.WebEventListener  - Before Finding element: By.xpath: //div[@class='v-list__tile__content']/div[contains(text(),'Documentation')]
2020-07-01/19:01:55.106  INFO: listener.WebEventListener - Element Found and highlighted: [[ChromeDriver: chrome on WINDOWS (f0df22c9a92d7fee8be1e7b2e88e9be1)] -> xpath: //div[@class='v-list__tile__content']/div[contains(text(),'Documentation')]]
76112 [main] INFO utilities.listener.WebEventListener  - Element Found and highlighted: [[ChromeDriver: chrome on WINDOWS (f0df22c9a92d7fee8be1e7b2e88e9be1)] -> xpath: //div[@class='v-list__tile__content']/div[contains(text(),'Documentation')]]
2020-07-01/19:01:55.151  INFO: listener.WebEventListener - beforeClickOn xpath: //div[@class='v-list__tile__content']/div[contains(text(),'Documentation')]]
76157 [main] INFO utilities.listener.WebEventListener  - beforeClickOn xpath: //div[@class='v-list__tile__content']/div[contains(text(),'Documentation')]]
2020-07-01/19:01:55.338  INFO: listener.WebEventListener - after click on
76344 [main] INFO utilities.listener.WebEventListener  - after click on
2020-07-01/19:01:55.339  INFO: listener.WebEventListener - Before Finding element: By.xpath: //button[@id='CommodityContinue']
76345 [main] INFO utilities.listener.WebEventListener  - Before Finding element: By.xpath: //button[@id='CommodityContinue']
2020-07-01/19:01:55.630  INFO: listener.WebEventListener - Element Found and highlighted: [[ChromeDriver: chrome on WINDOWS (f0df22c9a92d7fee8be1e7b2e88e9be1)] -> xpath: //button[@id='CommodityContinue']]
76636 [main] INFO utilities.listener.WebEventListener  - Element Found and highlighted: [[ChromeDriver: chrome on WINDOWS (f0df22c9a92d7fee8be1e7b2e88e9be1)] -> xpath: //button[@id='CommodityContinue']]
2020-07-01/19:01:55.716  INFO: listener.WebEventListener - beforeClickOn xpath: //button[@id='CommodityContinue']]
76722 [main] INFO utilities.listener.WebEventListener  - beforeClickOn xpath: //button[@id='CommodityContinue']]
2020-07-01/19:01:55.902  INFO: listener.WebEventListener - after click on
76908 [main] INFO utilities.listener.WebEventListener  - after click on
2020-07-01/19:02:00.904  INFO: listener.WebEventListener - Before Finding element: By.xpath: //div[@class='v-select__selections']/div[contains(text(),'Documentation')]
81910 [main] INFO utilities.listener.WebEventListener  - Before Finding element: By.xpath: //div[@class='v-select__selections']/div[contains(text(),'Documentation')]
2020-07-01/19:02:01.177  INFO: listener.WebEventListener - Element Found and highlighted: [[ChromeDriver: chrome on WINDOWS (f0df22c9a92d7fee8be1e7b2e88e9be1)] -> xpath: //div[@class='v-select__selections']/div[contains(text(),'Documentation')]]
82183 [main] INFO utilities.listener.WebEventListener  - Element Found and highlighted: [[ChromeDriver: chrome on WINDOWS (f0df22c9a92d7fee8be1e7b2e88e9be1)] -> xpath: //div[@class='v-select__selections']/div[contains(text(),'Documentation')]]
2020-07-01/19:02:01.223  INFO: listener.WebEventListener - beforeClickOn xpath: //div[@class='v-select__selections']/div[contains(text(),'Documentation')]]
82229 [main] INFO utilities.listener.WebEventListener  - beforeClickOn xpath: //div[@class='v-select__selections']/div[contains(text(),'Documentation')]]
2020-07-01/19:02:01.313  INFO: listener.WebEventListener - after click on
82319 [main] INFO utilities.listener.WebEventListener  - after click on
2020-07-01/19:02:01.314  INFO: listener.WebEventListener - Before Finding element: By.xpath: //div[@class='v-list__tile__content']/div[contains(text(),'Jewellery')]
82320 [main] INFO utilities.listener.WebEventListener  - Before Finding element: By.xpath: //div[@class='v-list__tile__content']/div[contains(text(),'Jewellery')]
2020-07-01/19:02:01.608  INFO: listener.WebEventListener - Element Found and highlighted: [[ChromeDriver: chrome on WINDOWS (f0df22c9a92d7fee8be1e7b2e88e9be1)] -> xpath: //div[@class='v-list__tile__content']/div[contains(text(),'Jewellery')]]
82614 [main] INFO utilities.listener.WebEventListener  - Element Found and highlighted: [[ChromeDriver: chrome on WINDOWS (f0df22c9a92d7fee8be1e7b2e88e9be1)] -> xpath: //div[@class='v-list__tile__content']/div[contains(text(),'Jewellery')]]
2020-07-01/19:02:01.663  INFO: listener.WebEventListener - beforeClickOn xpath: //div[@class='v-list__tile__content']/div[contains(text(),'Jewellery')]]
82669 [main] INFO utilities.listener.WebEventListener  - beforeClickOn xpath: //div[@class='v-list__tile__content']/div[contains(text(),'Jewellery')]]
2020-07-01/19:02:01.950  INFO: listener.WebEventListener - after click on
82956 [main] INFO utilities.listener.WebEventListener  - after click on
2020-07-01/19:02:01.950  INFO: listener.WebEventListener - Before Finding element: By.xpath: //button[@class='v-btn v-btn--outline v-btn--depressed theme--light primary--text']/div[contains(text(),'Continue')]
82956 [main] INFO utilities.listener.WebEventListener  - Before Finding element: By.xpath: //button[@class='v-btn v-btn--outline v-btn--depressed theme--light primary--text']/div[contains(text(),'Continue')]
2020-07-01/19:02:02.282  INFO: listener.WebEventListener - Element Found and highlighted: [[ChromeDriver: chrome on WINDOWS (f0df22c9a92d7fee8be1e7b2e88e9be1)] -> xpath: //button[@class='v-btn v-btn--outline v-btn--depressed theme--light primary--text']/div[contains(text(),'Continue')]]
83288 [main] INFO utilities.listener.WebEventListener  - Element Found and highlighted: [[ChromeDriver: chrome on WINDOWS (f0df22c9a92d7fee8be1e7b2e88e9be1)] -> xpath: //button[@class='v-btn v-btn--outline v-btn--depressed theme--light primary--text']/div[contains(text(),'Continue')]]
2020-07-01/19:02:02.347  INFO: listener.WebEventListener - beforeClickOn xpath: //button[@class='v-btn v-btn--outline v-btn--depressed theme--light primary--text']/div[contains(text(),'Continue')]]
83353 [main] INFO utilities.listener.WebEventListener  - beforeClickOn xpath: //button[@class='v-btn v-btn--outline v-btn--depressed theme--light primary--text']/div[contains(text(),'Continue')]]
2020-07-01/19:02:02.508  INFO: listener.WebEventListener - after click on
83514 [main] INFO utilities.listener.WebEventListener  - after click on
2020-07-01/19:02:07.525  INFO: listener.WebEventListener - Before Finding element: By.xpath: //div[@id='stepSender']
88531 [main] INFO utilities.listener.WebEventListener  - Before Finding element: By.xpath: //div[@id='stepSender']
2020-07-01/19:02:07.878  INFO: listener.WebEventListener - Element Found and highlighted: [[ChromeDriver: chrome on WINDOWS (f0df22c9a92d7fee8be1e7b2e88e9be1)] -> xpath: //div[@id='stepSender']]
88884 [main] INFO utilities.listener.WebEventListener  - Element Found and highlighted: [[ChromeDriver: chrome on WINDOWS (f0df22c9a92d7fee8be1e7b2e88e9be1)] -> xpath: //div[@id='stepSender']]
2020-07-01/19:02:07.952  INFO: listener.WebEventListener - beforeClickOn xpath: //div[@id='stepSender']]
88958 [main] INFO utilities.listener.WebEventListener  - beforeClickOn xpath: //div[@id='stepSender']]
2020-07-01/19:02:08.312  INFO: listener.WebEventListener - after click on
89318 [main] INFO utilities.listener.WebEventListener  - after click on
2020-07-01/19:02:10.327  INFO: listener.WebEventListener - Before Finding element: By.xpath: //div[contains(text(),'Reset')]
91333 [main] INFO utilities.listener.WebEventListener  - Before Finding element: By.xpath: //div[contains(text(),'Reset')]
2020-07-01/19:02:10.637  INFO: listener.WebEventListener - Element Found and highlighted: [[ChromeDriver: chrome on WINDOWS (f0df22c9a92d7fee8be1e7b2e88e9be1)] -> xpath: //div[contains(text(),'Reset')]]
91643 [main] INFO utilities.listener.WebEventListener  - Element Found and highlighted: [[ChromeDriver: chrome on WINDOWS (f0df22c9a92d7fee8be1e7b2e88e9be1)] -> xpath: //div[contains(text(),'Reset')]]
2020-07-01/19:02:10.696  INFO: listener.WebEventListener - beforeClickOn xpath: //div[contains(text(),'Reset')]]
91702 [main] INFO utilities.listener.WebEventListener  - beforeClickOn xpath: //div[contains(text(),'Reset')]]
2020-07-01/19:02:11.334  INFO: listener.WebEventListener - after click on
92340 [main] INFO utilities.listener.WebEventListener  - after click on
2020-07-01/19:02:11.335  INFO: listener.WebEventListener - Before Finding element: By.xpath: //input[@id='SenderName']
92341 [main] INFO utilities.listener.WebEventListener  - Before Finding element: By.xpath: //input[@id='SenderName']
2020-07-01/19:02:11.678  INFO: listener.WebEventListener - Element Found and highlighted: [[ChromeDriver: chrome on WINDOWS (f0df22c9a92d7fee8be1e7b2e88e9be1)] -> xpath: //input[@id='SenderName']]
92684 [main] INFO utilities.listener.WebEventListener  - Element Found and highlighted: [[ChromeDriver: chrome on WINDOWS (f0df22c9a92d7fee8be1e7b2e88e9be1)] -> xpath: //input[@id='SenderName']]
2020-07-01/19:02:11.954  INFO: listener.WebEventListener - Default Value :
92960 [main] INFO utilities.listener.WebEventListener  - Default Value :
2020-07-01/19:02:12.191  INFO: listener.WebEventListener - Entered Value :CELL
93197 [main] INFO utilities.listener.WebEventListener  - Entered Value :CELL
2020-07-01/19:02:12.229  INFO: listener.WebEventListener - beforeClickOn xpath: //input[@id='SenderName']]
93235 [main] INFO utilities.listener.WebEventListener  - beforeClickOn xpath: //input[@id='SenderName']]
2020-07-01/19:02:12.354  INFO: listener.WebEventListener - after click on
93360 [main] INFO utilities.listener.WebEventListener  - after click on
2020-07-01/19:02:12.356  INFO: listener.WebEventListener - Before Finding element: By.xpath: //div[contains(text(),'CELL C - COMPANY OWNED STORES, CELL C, 084 174 4000')]
93362 [main] INFO utilities.listener.WebEventListener  - Before Finding element: By.xpath: //div[contains(text(),'CELL C - COMPANY OWNED STORES, CELL C, 084 174 4000')]
2020-07-01/19:02:12.391  INFO: listener.WebEventListener - Before Finding element: By.xpath: //div[contains(text(),'CELL C - COMPANY OWNED STORES, CELL C, 084 174 4000')]
93397 [main] INFO utilities.listener.WebEventListener  - Before Finding element: By.xpath: //div[contains(text(),'CELL C - COMPANY OWNED STORES, CELL C, 084 174 4000')]
2020-07-01/19:02:12.667  INFO: listener.WebEventListener - Before Finding element: By.xpath: //div[contains(text(),'CELL C - COMPANY OWNED STORES, CELL C, 084 174 4000')]
93673 [main] INFO utilities.listener.WebEventListener  - Before Finding element: By.xpath: //div[contains(text(),'CELL C - COMPANY OWNED STORES, CELL C, 084 174 4000')]
2020-07-01/19:02:12.936  INFO: listener.WebEventListener - Before Finding element: By.xpath: //div[contains(text(),'CELL C - COMPANY OWNED STORES, CELL C, 084 174 4000')]
93942 [main] INFO utilities.listener.WebEventListener  - Before Finding element: By.xpath: //div[contains(text(),'CELL C - COMPANY OWNED STORES, CELL C, 084 174 4000')]
2020-07-01/19:02:13.209  INFO: listener.WebEventListener - Before Finding element: By.xpath: //div[contains(text(),'CELL C - COMPANY OWNED STORES, CELL C, 084 174 4000')]
94215 [main] INFO utilities.listener.WebEventListener  - Before Finding element: By.xpath: //div[contains(text(),'CELL C - COMPANY OWNED STORES, CELL C, 084 174 4000')]
2020-07-01/19:02:13.477  INFO: listener.WebEventListener - Element Found and highlighted: [[ChromeDriver: chrome on WINDOWS (f0df22c9a92d7fee8be1e7b2e88e9be1)] -> xpath: //div[contains(text(),'CELL C - COMPANY OWNED STORES, CELL C, 084 174 4000')]]
94483 [main] INFO utilities.listener.WebEventListener  - Element Found and highlighted: [[ChromeDriver: chrome on WINDOWS (f0df22c9a92d7fee8be1e7b2e88e9be1)] -> xpath: //div[contains(text(),'CELL C - COMPANY OWNED STORES, CELL C, 084 174 4000')]]
2020-07-01/19:02:13.548  INFO: listener.WebEventListener - beforeClickOn xpath: //div[contains(text(),'CELL C - COMPANY OWNED STORES, CELL C, 084 174 4000')]]
94554 [main] INFO utilities.listener.WebEventListener  - beforeClickOn xpath: //div[contains(text(),'CELL C - COMPANY OWNED STORES, CELL C, 084 174 4000')]]
2020-07-01/19:02:13.914  INFO: listener.WebEventListener - after click on
94920 [main] INFO utilities.listener.WebEventListener  - after click on
2020-07-01/19:02:13.915  INFO: listener.WebEventListener - Before Finding element: By.xpath: //button[@id='SenderContactNew']//div[@class='v-btn__content'][contains(text(),'New Contact')]
94921 [main] INFO utilities.listener.WebEventListener  - Before Finding element: By.xpath: //button[@id='SenderContactNew']//div[@class='v-btn__content'][contains(text(),'New Contact')]
2020-07-01/19:02:14.005  INFO: listener.WebEventListener - Before Finding element: By.xpath: //button[@id='SenderContactNew']//div[@class='v-btn__content'][contains(text(),'New Contact')]
95011 [main] INFO utilities.listener.WebEventListener  - Before Finding element: By.xpath: //button[@id='SenderContactNew']//div[@class='v-btn__content'][contains(text(),'New Contact')]
2020-07-01/19:02:14.286  INFO: listener.WebEventListener - Before Finding element: By.xpath: //button[@id='SenderContactNew']//div[@class='v-btn__content'][contains(text(),'New Contact')]
95292 [main] INFO utilities.listener.WebEventListener  - Before Finding element: By.xpath: //button[@id='SenderContactNew']//div[@class='v-btn__content'][contains(text(),'New Contact')]
2020-07-01/19:02:14.581  INFO: listener.WebEventListener - Before Finding element: By.xpath: //button[@id='SenderContactNew']//div[@class='v-btn__content'][contains(text(),'New Contact')]
95587 [main] INFO utilities.listener.WebEventListener  - Before Finding element: By.xpath: //button[@id='SenderContactNew']//div[@class='v-btn__content'][contains(text(),'New Contact')]
2020-07-01/19:02:14.885  INFO: listener.WebEventListener - Before Finding element: By.xpath: //button[@id='SenderContactNew']//div[@class='v-btn__content'][contains(text(),'New Contact')]
95891 [main] INFO utilities.listener.WebEventListener  - Before Finding element: By.xpath: //button[@id='SenderContactNew']//div[@class='v-btn__content'][contains(text(),'New Contact')]
2020-07-01/19:02:15.401  INFO: listener.WebEventListener - Before Finding element: By.xpath: //button[@id='SenderContactNew']//div[@class='v-btn__content'][contains(text(),'New Contact')]
96407 [main] INFO utilities.listener.WebEventListener  - Before Finding element: By.xpath: //button[@id='SenderContactNew']//div[@class='v-btn__content'][contains(text(),'New Contact')]
2020-07-01/19:02:16.458  INFO: listener.WebEventListener - Element Found and highlighted: [[ChromeDriver: chrome on WINDOWS (f0df22c9a92d7fee8be1e7b2e88e9be1)] -> xpath: //button[@id='SenderContactNew']//div[@class='v-btn__content'][contains(text(),'New Contact')]]
97464 [main] INFO utilities.listener.WebEventListener  - Element Found and highlighted: [[ChromeDriver: chrome on WINDOWS (f0df22c9a92d7fee8be1e7b2e88e9be1)] -> xpath: //button[@id='SenderContactNew']//div[@class='v-btn__content'][contains(text(),'New Contact')]]
2020-07-01/19:02:16.881  INFO: listener.WebEventListener - beforeClickOn xpath: //button[@id='SenderContactNew']//div[@class='v-btn__content'][contains(text(),'New Contact')]]
97887 [main] INFO utilities.listener.WebEventListener  - beforeClickOn xpath: //button[@id='SenderContactNew']//div[@class='v-btn__content'][contains(text(),'New Contact')]]
2020-07-01/19:02:18.076  INFO: listener.WebEventListener - after click on
99082 [main] INFO utilities.listener.WebEventListener  - after click on
2020-07-01/19:02:18.077  INFO: listener.WebEventListener - Before Finding element: By.xpath: //div[contains(text(),'Cancel')]
99083 [main] INFO utilities.listener.WebEventListener  - Before Finding element: By.xpath: //div[contains(text(),'Cancel')]
2020-07-01/19:02:18.531  INFO: listener.WebEventListener - Element Found and highlighted: [[ChromeDriver: chrome on WINDOWS (f0df22c9a92d7fee8be1e7b2e88e9be1)] -> xpath: //div[contains(text(),'Cancel')]]
99537 [main] INFO utilities.listener.WebEventListener  - Element Found and highlighted: [[ChromeDriver: chrome on WINDOWS (f0df22c9a92d7fee8be1e7b2e88e9be1)] -> xpath: //div[contains(text(),'Cancel')]]
2020-07-01/19:02:18.616  INFO: listener.WebEventListener - beforeClickOn xpath: //div[contains(text(),'Cancel')]]
99622 [main] INFO utilities.listener.WebEventListener  - beforeClickOn xpath: //div[contains(text(),'Cancel')]]
2020-07-01/19:02:18.876  INFO: listener.WebEventListener - after click on
99882 [main] INFO utilities.listener.WebEventListener  - after click on
2020-07-01/19:02:18.877  INFO: listener.WebEventListener - Before Finding element: By.xpath: //button[@id='SenderContactEdit']//div[contains(text(),'Edit Contact')]
99883 [main] INFO utilities.listener.WebEventListener  - Before Finding element: By.xpath: //button[@id='SenderContactEdit']//div[contains(text(),'Edit Contact')]
2020-07-01/19:02:19.216  INFO: listener.WebEventListener - Element Found and highlighted: [[ChromeDriver: chrome on WINDOWS (f0df22c9a92d7fee8be1e7b2e88e9be1)] -> xpath: //button[@id='SenderContactEdit']//div[contains(text(),'Edit Contact')]]
100222 [main] INFO utilities.listener.WebEventListener  - Element Found and highlighted: [[ChromeDriver: chrome on WINDOWS (f0df22c9a92d7fee8be1e7b2e88e9be1)] -> xpath: //button[@id='SenderContactEdit']//div[contains(text(),'Edit Contact')]]
2020-07-01/19:02:19.370  INFO: listener.WebEventListener - beforeClickOn xpath: //button[@id='SenderContactEdit']//div[contains(text(),'Edit Contact')]]
100376 [main] INFO utilities.listener.WebEventListener  - beforeClickOn xpath: //button[@id='SenderContactEdit']//div[contains(text(),'Edit Contact')]]
2020-07-01/19:02:19.603  INFO: listener.WebEventListener - after click on
100609 [main] INFO utilities.listener.WebEventListener  - after click on
2020-07-01/19:02:19.603  INFO: listener.WebEventListener - Before Finding element: By.xpath: //div[contains(text(),'Save')]
100609 [main] INFO utilities.listener.WebEventListener  - Before Finding element: By.xpath: //div[contains(text(),'Save')]
2020-07-01/19:02:19.718  INFO: listener.WebEventListener - Before Finding element: By.xpath: //div[contains(text(),'Save')]
100724 [main] INFO utilities.listener.WebEventListener  - Before Finding element: By.xpath: //div[contains(text(),'Save')]
2020-07-01/19:02:20.001  INFO: listener.WebEventListener - Before Finding element: By.xpath: //div[contains(text(),'Save')]
101007 [main] INFO utilities.listener.WebEventListener  - Before Finding element: By.xpath: //div[contains(text(),'Save')]
2020-07-01/19:02:20.272  INFO: listener.WebEventListener - Before Finding element: By.xpath: //div[contains(text(),'Save')]
101278 [main] INFO utilities.listener.WebEventListener  - Before Finding element: By.xpath: //div[contains(text(),'Save')]
2020-07-01/19:02:20.554  INFO: listener.WebEventListener - Before Finding element: By.xpath: //div[contains(text(),'Save')]
101560 [main] INFO utilities.listener.WebEventListener  - Before Finding element: By.xpath: //div[contains(text(),'Save')]
2020-07-01/19:02:21.386  INFO: listener.WebEventListener - Element Found and highlighted: [[ChromeDriver: chrome on WINDOWS (f0df22c9a92d7fee8be1e7b2e88e9be1)] -> xpath: //div[contains(text(),'Save')]]
102392 [main] INFO utilities.listener.WebEventListener  - Element Found and highlighted: [[ChromeDriver: chrome on WINDOWS (f0df22c9a92d7fee8be1e7b2e88e9be1)] -> xpath: //div[contains(text(),'Save')]]
2020-07-01/19:02:21.546  INFO: listener.WebEventListener - beforeClickOn xpath: //div[contains(text(),'Save')]]
102552 [main] INFO utilities.listener.WebEventListener  - beforeClickOn xpath: //div[contains(text(),'Save')]]
2020-07-01/19:02:21.988  INFO: listener.WebEventListener - after click on
102994 [main] INFO utilities.listener.WebEventListener  - after click on
2020-07-01/19:02:21.988  INFO: listener.WebEventListener - Before Finding element: By.xpath: //div[contains(text(),'Cancel')]
102994 [main] INFO utilities.listener.WebEventListener  - Before Finding element: By.xpath: //div[contains(text(),'Cancel')]
2020-07-01/19:02:22.341  INFO: listener.WebEventListener - Element Found and highlighted: [[ChromeDriver: chrome on WINDOWS (f0df22c9a92d7fee8be1e7b2e88e9be1)] -> xpath: //div[contains(text(),'Cancel')]]
103347 [main] INFO utilities.listener.WebEventListener  - Element Found and highlighted: [[ChromeDriver: chrome on WINDOWS (f0df22c9a92d7fee8be1e7b2e88e9be1)] -> xpath: //div[contains(text(),'Cancel')]]
2020-07-01/19:02:22.454  INFO: listener.WebEventListener - beforeClickOn xpath: //div[contains(text(),'Cancel')]]
103460 [main] INFO utilities.listener.WebEventListener  - beforeClickOn xpath: //div[contains(text(),'Cancel')]]
]]></system-out>
  </testcase>
  <testcase name="doStarted" classname="pages.TestPageConsinment" time="2.995">
    <failure message="element not interactable&#10;  (Session info: chrome=83.0.4103.116)&#10;Build info: version: &apos;3.141.59&apos;, revision: &apos;e82be7d358&apos;, time: &apos;2018-11-14T08:17:03&apos;&#10;System info: host: &apos;WJLP-1098&apos;, ip: &apos;192.168.65.1&apos;, os.name: &apos;Windows 10&apos;, os.arch: &apos;amd64&apos;, os.version: &apos;10.0&apos;, java.version: &apos;11.0.7&apos;&#10;Driver info: org.openqa.selenium.chrome.ChromeDriver&#10;Capabilities {acceptInsecureCerts: false, browserName: chrome, browserVersion: 83.0.4103.116, chrome: {chromedriverVersion: 83.0.4103.39 (ccbf011cb2d2b..., userDataDir: C:\Users\nasreenk\AppData\L...}, goog:chromeOptions: {debuggerAddress: localhost:52474}, javascriptEnabled: true, networkConnectionEnabled: false, pageLoadStrategy: none, platform: WINDOWS, platformName: WINDOWS, proxy: Proxy(), setWindowRect: true, strictFileInteractability: false, timeouts: {implicit: 0, pageLoad: 300000, script: 30000}, unhandledPromptBehavior: dismiss and notify, webauthn:virtualAuthenticators: true}&#10;Session ID: f0df22c9a92d7fee8be1e7b2e88e9be1" type="org.openqa.selenium.ElementNotInteractableException"><![CDATA[org.openqa.selenium.ElementNotInteractableException: 
element not interactable
  (Session info: chrome=83.0.4103.116)
Build info: version: '3.141.59', revision: 'e82be7d358', time: '2018-11-14T08:17:03'
System info: host: 'WJLP-1098', ip: '192.168.65.1', os.name: 'Windows 10', os.arch: 'amd64', os.version: '10.0', java.version: '11.0.7'
Driver info: org.openqa.selenium.chrome.ChromeDriver
Capabilities {acceptInsecureCerts: false, browserName: chrome, browserVersion: 83.0.4103.116, chrome: {chromedriverVersion: 83.0.4103.39 (ccbf011cb2d2b..., userDataDir: C:\Users\nasreenk\AppData\L...}, goog:chromeOptions: {debuggerAddress: localhost:52474}, javascriptEnabled: true, networkConnectionEnabled: false, pageLoadStrategy: none, platform: WINDOWS, platformName: WINDOWS, proxy: Proxy(), setWindowRect: true, strictFileInteractability: false, timeouts: {implicit: 0, pageLoad: 300000, script: 30000}, unhandledPromptBehavior: dismiss and notify, webauthn:virtualAuthenticators: true}
Session ID: f0df22c9a92d7fee8be1e7b2e88e9be1
	at pages.TestPageConsinment.doStarted(TestPageConsinment.java:42)
]]></failure>
    <system-out><![CDATA[I am in onTestFailure method doStarted failed
2020-07-01/19:02:23.882 ERROR: allure.AllureLifecycle - Could not add attachment: no test is running
104888 [main] ERROR io.qameta.allure.AllureLifecycle  - Could not add attachment: no test is running
I am in onTestStart method doStarted start
2020-07-01/19:02:23.904  INFO: listener.WebEventListener - Before Finding element: By.xpath: //div[@class='spinner-inner']/parent::*/parent::div[contains(@class,'active')]
104910 [main] INFO utilities.listener.WebEventListener  - Before Finding element: By.xpath: //div[@class='spinner-inner']/parent::*/parent::div[contains(@class,'active')]
2020-07-01/19:02:24.166  INFO: listener.WebEventListener - Element Found and highlighted: [[ChromeDriver: chrome on WINDOWS (f0df22c9a92d7fee8be1e7b2e88e9be1)] -> xpath: //div[@class='spinner-inner']/parent::*/parent::div[contains(@class,'active')]]
105172 [main] INFO utilities.listener.WebEventListener  - Element Found and highlighted: [[ChromeDriver: chrome on WINDOWS (f0df22c9a92d7fee8be1e7b2e88e9be1)] -> xpath: //div[@class='spinner-inner']/parent::*/parent::div[contains(@class,'active')]]
xpath locatorType
//div[@class='spinner-inner']/parent::*/parent::div[contains(@class,'active')] locatorPath
2020-07-01/19:02:24.166  INFO: listener.WebEventListener - Before Finding element: By.xpath: //div[@class='spinner-inner']/parent::*/parent::div[contains(@class,'active')]
105172 [main] INFO utilities.listener.WebEventListener  - Before Finding element: By.xpath: //div[@class='spinner-inner']/parent::*/parent::div[contains(@class,'active')]
2020-07-01/19:02:24.430  INFO: listener.WebEventListener - Element Found and highlighted: [[ChromeDriver: chrome on WINDOWS (f0df22c9a92d7fee8be1e7b2e88e9be1)] -> xpath: //div[@class='spinner-inner']/parent::*/parent::div[contains(@class,'active')]]
105436 [main] INFO utilities.listener.WebEventListener  - Element Found and highlighted: [[ChromeDriver: chrome on WINDOWS (f0df22c9a92d7fee8be1e7b2e88e9be1)] -> xpath: //div[@class='spinner-inner']/parent::*/parent::div[contains(@class,'active')]]
2020-07-01/19:02:24.485  INFO: listener.WebEventListener - Before Finding element: By.xpath: //div[@class='spinner-inner']/parent::*/parent::div[contains(@class,'active')]
105491 [main] INFO utilities.listener.WebEventListener  - Before Finding element: By.xpath: //div[@class='spinner-inner']/parent::*/parent::div[contains(@class,'active')]
2020-07-01/19:02:24.734  INFO: listener.WebEventListener - Element Found and highlighted: [[ChromeDriver: chrome on WINDOWS (f0df22c9a92d7fee8be1e7b2e88e9be1)] -> xpath: //div[@class='spinner-inner']/parent::*/parent::div[contains(@class,'active')]]
105740 [main] INFO utilities.listener.WebEventListener  - Element Found and highlighted: [[ChromeDriver: chrome on WINDOWS (f0df22c9a92d7fee8be1e7b2e88e9be1)] -> xpath: //div[@class='spinner-inner']/parent::*/parent::div[contains(@class,'active')]]
xpath locatorType
//div[@class='spinner-inner']/parent::*/parent::div[contains(@class,'active')] locatorPath
2020-07-01/19:02:24.735  INFO: listener.WebEventListener - Before Finding element: By.xpath: //div[@class='spinner-inner']/parent::*/parent::div[contains(@class,'active')]
105741 [main] INFO utilities.listener.WebEventListener  - Before Finding element: By.xpath: //div[@class='spinner-inner']/parent::*/parent::div[contains(@class,'active')]
2020-07-01/19:02:24.986  INFO: listener.WebEventListener - Element Found and highlighted: [[ChromeDriver: chrome on WINDOWS (f0df22c9a92d7fee8be1e7b2e88e9be1)] -> xpath: //div[@class='spinner-inner']/parent::*/parent::div[contains(@class,'active')]]
105992 [main] INFO utilities.listener.WebEventListener  - Element Found and highlighted: [[ChromeDriver: chrome on WINDOWS (f0df22c9a92d7fee8be1e7b2e88e9be1)] -> xpath: //div[@class='spinner-inner']/parent::*/parent::div[contains(@class,'active')]]
2020-07-01/19:02:25.538  INFO: listener.WebEventListener - Before Finding element: By.xpath: //div[@class='spinner-inner']/parent::*/parent::div[contains(@class,'active')]
106544 [main] INFO utilities.listener.WebEventListener  - Before Finding element: By.xpath: //div[@class='spinner-inner']/parent::*/parent::div[contains(@class,'active')]
2020-07-01/19:02:25.816  INFO: listener.WebEventListener - Element Found and highlighted: [[ChromeDriver: chrome on WINDOWS (f0df22c9a92d7fee8be1e7b2e88e9be1)] -> xpath: //div[@class='spinner-inner']/parent::*/parent::div[contains(@class,'active')]]
106822 [main] INFO utilities.listener.WebEventListener  - Element Found and highlighted: [[ChromeDriver: chrome on WINDOWS (f0df22c9a92d7fee8be1e7b2e88e9be1)] -> xpath: //div[@class='spinner-inner']/parent::*/parent::div[contains(@class,'active')]]
2020-07-01/19:02:26.365  INFO: listener.WebEventListener - Before Finding element: By.xpath: //div[@class='spinner-inner']/parent::*/parent::div[contains(@class,'active')]
107371 [main] INFO utilities.listener.WebEventListener  - Before Finding element: By.xpath: //div[@class='spinner-inner']/parent::*/parent::div[contains(@class,'active')]
2020-07-01/19:02:26.440  INFO: listener.WebEventListener - Before Finding element: By.xpath: //input[@id='ConsignmentID']
107446 [main] INFO utilities.listener.WebEventListener  - Before Finding element: By.xpath: //input[@id='ConsignmentID']
2020-07-01/19:02:26.697  INFO: listener.WebEventListener - Element Found and highlighted: [[ChromeDriver: chrome on WINDOWS (f0df22c9a92d7fee8be1e7b2e88e9be1)] -> xpath: //input[@id='ConsignmentID']]
107703 [main] INFO utilities.listener.WebEventListener  - Element Found and highlighted: [[ChromeDriver: chrome on WINDOWS (f0df22c9a92d7fee8be1e7b2e88e9be1)] -> xpath: //input[@id='ConsignmentID']]
2020-07-01/19:02:26.772  INFO: listener.WebEventListener - Default Value :UAT42092125
107778 [main] INFO utilities.listener.WebEventListener  - Default Value :UAT42092125
]]></system-out>
  </testcase>
</testsuite>