<?xml version="1.0" encoding="UTF-8"?>
<!-- Generated by org.testng.reporters.JUnitReportReporter -->
<testsuite hostname="WJLP-1098" failures="0" tests="1" name="pages.LoginPageTest" time="4.096" errors="0" timestamp="2020-07-01T19:02:37 IST" skipped="0">
  <testcase classname="pages.LoginPageTest" name="signIn" time="4.096"/>
  <system-out/>
</testsuite> <!-- pages.LoginPageTest -->
